mode: set
github.com/wikiocracy/cryptoballot/cryptoballot/Ballot.go:34.51,47.36 2 1
github.com/wikiocracy/cryptoballot/cryptoballot/Ballot.go:52.2,56.9 3 1
github.com/wikiocracy/cryptoballot/cryptoballot/Ballot.go:83.2,86.25 3 1
github.com/wikiocracy/cryptoballot/cryptoballot/Ballot.go:89.2,89.42 1 1
github.com/wikiocracy/cryptoballot/cryptoballot/Ballot.go:93.2,94.16 2 1
github.com/wikiocracy/cryptoballot/cryptoballot/Ballot.go:98.2,98.18 1 1
github.com/wikiocracy/cryptoballot/cryptoballot/Ballot.go:107.2,107.18 1 1
github.com/wikiocracy/cryptoballot/cryptoballot/Ballot.go:117.2,124.21 2 1
github.com/wikiocracy/cryptoballot/cryptoballot/Ballot.go:47.36,49.3 1 0
github.com/wikiocracy/cryptoballot/cryptoballot/Ballot.go:57.2,59.14 2 0
github.com/wikiocracy/cryptoballot/cryptoballot/Ballot.go:60.2,62.45 1 0
github.com/wikiocracy/cryptoballot/cryptoballot/Ballot.go:76.2,78.14 2 1
github.com/wikiocracy/cryptoballot/cryptoballot/Ballot.go:79.2,80.76 1 0
github.com/wikiocracy/cryptoballot/cryptoballot/Ballot.go:62.45,66.4 2 0
github.com/wikiocracy/cryptoballot/cryptoballot/Ballot.go:66.5,68.61 1 0
github.com/wikiocracy/cryptoballot/cryptoballot/Ballot.go:68.61,71.5 2 0
github.com/wikiocracy/cryptoballot/cryptoballot/Ballot.go:71.6,74.5 2 0
github.com/wikiocracy/cryptoballot/cryptoballot/Ballot.go:86.25,88.3 1 0
github.com/wikiocracy/cryptoballot/cryptoballot/Ballot.go:89.42,91.3 1 0
github.com/wikiocracy/cryptoballot/cryptoballot/Ballot.go:94.16,96.3 1 0
github.com/wikiocracy/cryptoballot/cryptoballot/Ballot.go:98.18,100.17 2 1
github.com/wikiocracy/cryptoballot/cryptoballot/Ballot.go:100.17,102.4 1 0
github.com/wikiocracy/cryptoballot/cryptoballot/Ballot.go:103.4,105.3 1 0
github.com/wikiocracy/cryptoballot/cryptoballot/Ballot.go:107.18,109.17 2 1
github.com/wikiocracy/cryptoballot/cryptoballot/Ballot.go:109.17,111.4 1 0
github.com/wikiocracy/cryptoballot/cryptoballot/Ballot.go:112.4,114.3 1 0
github.com/wikiocracy/cryptoballot/cryptoballot/Ballot.go:128.59,129.28 1 1
github.com/wikiocracy/cryptoballot/cryptoballot/Ballot.go:132.2,133.24 2 1
github.com/wikiocracy/cryptoballot/cryptoballot/Ballot.go:136.2,136.56 1 1
github.com/wikiocracy/cryptoballot/cryptoballot/Ballot.go:129.28,131.3 1 0
github.com/wikiocracy/cryptoballot/cryptoballot/Ballot.go:133.24,135.3 1 1
github.com/wikiocracy/cryptoballot/cryptoballot/Ballot.go:141.39,144.24 2 1
github.com/wikiocracy/cryptoballot/cryptoballot/Ballot.go:147.2,147.27 1 1
github.com/wikiocracy/cryptoballot/cryptoballot/Ballot.go:151.2,151.10 1 1
github.com/wikiocracy/cryptoballot/cryptoballot/Ballot.go:144.24,146.3 1 1
github.com/wikiocracy/cryptoballot/cryptoballot/Ballot.go:147.27,149.3 1 1
github.com/wikiocracy/cryptoballot/cryptoballot/Ballot.go:155.42,161.2 5 1
github.com/wikiocracy/cryptoballot/cryptoballot/Ballot.go:164.40,166.2 1 1
github.com/wikiocracy/cryptoballot/cryptoballot/Ballot.go:170.43,172.2 1 1
github.com/wikiocracy/cryptoballot/cryptoballot/Ballot.go:179.41,181.21 2 1
github.com/wikiocracy/cryptoballot/cryptoballot/Ballot.go:184.2,184.35 1 1
github.com/wikiocracy/cryptoballot/cryptoballot/Ballot.go:187.2,187.37 1 1
github.com/wikiocracy/cryptoballot/cryptoballot/Ballot.go:191.2,194.8 1 1
github.com/wikiocracy/cryptoballot/cryptoballot/Ballot.go:181.21,183.3 1 0
github.com/wikiocracy/cryptoballot/cryptoballot/Ballot.go:184.35,186.3 1 0
github.com/wikiocracy/cryptoballot/cryptoballot/Ballot.go:187.37,189.3 1 0
github.com/wikiocracy/cryptoballot/cryptoballot/Ballot.go:197.33,199.2 1 1
github.com/wikiocracy/cryptoballot/cryptoballot/Ballot.go:203.50,206.31 3 1
github.com/wikiocracy/cryptoballot/cryptoballot/Ballot.go:213.2,213.20 1 1
github.com/wikiocracy/cryptoballot/cryptoballot/Ballot.go:206.31,208.17 2 1
github.com/wikiocracy/cryptoballot/cryptoballot/Ballot.go:211.3,211.18 1 1
github.com/wikiocracy/cryptoballot/cryptoballot/Ballot.go:208.17,210.4 1 0
github.com/wikiocracy/cryptoballot/cryptoballot/Ballot.go:216.39,218.30 2 1
github.com/wikiocracy/cryptoballot/cryptoballot/Ballot.go:221.2,221.15 1 1
github.com/wikiocracy/cryptoballot/cryptoballot/Ballot.go:218.30,220.3 1 1
github.com/wikiocracy/cryptoballot/cryptoballot/Ballot.go:224.45,226.30 2 1
github.com/wikiocracy/cryptoballot/cryptoballot/Ballot.go:229.2,229.15 1 1
github.com/wikiocracy/cryptoballot/cryptoballot/Ballot.go:226.30,228.3 1 1
github.com/wikiocracy/cryptoballot/cryptoballot/Ballot.go:232.41,234.30 2 1
github.com/wikiocracy/cryptoballot/cryptoballot/Ballot.go:237.2,237.15 1 1
github.com/wikiocracy/cryptoballot/cryptoballot/Ballot.go:234.30,236.3 1 1
github.com/wikiocracy/cryptoballot/cryptoballot/Ballot.go:240.47,242.30 2 1
github.com/wikiocracy/cryptoballot/cryptoballot/Ballot.go:245.2,245.15 1 1
github.com/wikiocracy/cryptoballot/cryptoballot/Ballot.go:242.30,244.3 1 1
github.com/wikiocracy/cryptoballot/cryptoballot/Ballot.go:248.39,250.30 2 1
github.com/wikiocracy/cryptoballot/cryptoballot/Ballot.go:256.2,256.15 1 1
github.com/wikiocracy/cryptoballot/cryptoballot/Ballot.go:250.30,252.26 2 1
github.com/wikiocracy/cryptoballot/cryptoballot/Ballot.go:252.26,254.4 1 1
github.com/wikiocracy/cryptoballot/cryptoballot/FulfilledSignatureRequest.go:8.102,13.2 1 0
github.com/wikiocracy/cryptoballot/cryptoballot/FulfilledSignatureRequest.go:15.61,17.2 1 0
github.com/wikiocracy/cryptoballot/cryptoballot/PublicKey.go:27.62,31.16 4 1
github.com/wikiocracy/cryptoballot/cryptoballot/PublicKey.go:34.2,38.16 3 1
github.com/wikiocracy/cryptoballot/cryptoballot/PublicKey.go:41.2,41.49 1 1
github.com/wikiocracy/cryptoballot/cryptoballot/PublicKey.go:44.2,44.31 1 1
github.com/wikiocracy/cryptoballot/cryptoballot/PublicKey.go:48.2,48.16 1 1
github.com/wikiocracy/cryptoballot/cryptoballot/PublicKey.go:31.16,33.3 1 1
github.com/wikiocracy/cryptoballot/cryptoballot/PublicKey.go:38.16,40.3 1 0
github.com/wikiocracy/cryptoballot/cryptoballot/PublicKey.go:41.49,43.3 1 0
github.com/wikiocracy/cryptoballot/cryptoballot/PublicKey.go:44.31,46.3 1 1
github.com/wikiocracy/cryptoballot/cryptoballot/PublicKey.go:52.71,54.16 2 1
github.com/wikiocracy/cryptoballot/cryptoballot/PublicKey.go:57.2,57.33 1 1
github.com/wikiocracy/cryptoballot/cryptoballot/PublicKey.go:54.16,56.3 1 0
github.com/wikiocracy/cryptoballot/cryptoballot/PublicKey.go:61.37,63.2 1 1
github.com/wikiocracy/cryptoballot/cryptoballot/PublicKey.go:66.36,68.2 1 1
github.com/wikiocracy/cryptoballot/cryptoballot/PublicKey.go:71.60,73.16 2 1
github.com/wikiocracy/cryptoballot/cryptoballot/PublicKey.go:76.2,76.37 1 1
github.com/wikiocracy/cryptoballot/cryptoballot/PublicKey.go:73.16,75.3 1 1
github.com/wikiocracy/cryptoballot/cryptoballot/PublicKey.go:80.40,86.2 5 1
github.com/wikiocracy/cryptoballot/cryptoballot/PublicKey.go:89.46,91.16 2 1
github.com/wikiocracy/cryptoballot/cryptoballot/PublicKey.go:94.2,94.31 1 1
github.com/wikiocracy/cryptoballot/cryptoballot/PublicKey.go:91.16,93.3 1 1
github.com/wikiocracy/cryptoballot/cryptoballot/PublicKey.go:98.36,99.18 1 1
github.com/wikiocracy/cryptoballot/cryptoballot/PublicKey.go:99.18,101.3 1 1
github.com/wikiocracy/cryptoballot/cryptoballot/PublicKey.go:101.4,103.3 1 1
github.com/wikiocracy/cryptoballot/cryptoballot/Signature.go:16.62,19.16 3 1
github.com/wikiocracy/cryptoballot/cryptoballot/Signature.go:22.2,22.13 1 1
github.com/wikiocracy/cryptoballot/cryptoballot/Signature.go:25.2,27.28 2 1
github.com/wikiocracy/cryptoballot/cryptoballot/Signature.go:19.16,21.3 1 1
github.com/wikiocracy/cryptoballot/cryptoballot/Signature.go:22.13,24.3 1 0
github.com/wikiocracy/cryptoballot/cryptoballot/Signature.go:31.38,33.2 1 1
github.com/wikiocracy/cryptoballot/cryptoballot/Signature.go:36.37,38.2 1 1
github.com/wikiocracy/cryptoballot/cryptoballot/Signature.go:40.74,42.16 2 1
github.com/wikiocracy/cryptoballot/cryptoballot/Signature.go:46.2,48.78 3 1
github.com/wikiocracy/cryptoballot/cryptoballot/Signature.go:42.16,44.3 1 1
github.com/wikiocracy/cryptoballot/cryptoballot/SignatureRequest.go:24.81,39.9 4 1
github.com/wikiocracy/cryptoballot/cryptoballot/SignatureRequest.go:48.2,51.16 3 1
github.com/wikiocracy/cryptoballot/cryptoballot/SignatureRequest.go:55.2,56.60 2 1
github.com/wikiocracy/cryptoballot/cryptoballot/SignatureRequest.go:60.2,62.16 3 1
github.com/wikiocracy/cryptoballot/cryptoballot/SignatureRequest.go:65.2,65.22 1 1
github.com/wikiocracy/cryptoballot/cryptoballot/SignatureRequest.go:69.2,69.13 1 1
github.com/wikiocracy/cryptoballot/cryptoballot/SignatureRequest.go:78.2,87.27 2 1
github.com/wikiocracy/cryptoballot/cryptoballot/SignatureRequest.go:94.2,94.21 1 1
github.com/wikiocracy/cryptoballot/cryptoballot/SignatureRequest.go:40.2,41.18 1 0
github.com/wikiocracy/cryptoballot/cryptoballot/SignatureRequest.go:42.2,43.17 1 1
github.com/wikiocracy/cryptoballot/cryptoballot/SignatureRequest.go:44.2,45.90 1 0
github.com/wikiocracy/cryptoballot/cryptoballot/SignatureRequest.go:51.16,53.3 1 0
github.com/wikiocracy/cryptoballot/cryptoballot/SignatureRequest.go:56.60,58.3 1 0
github.com/wikiocracy/cryptoballot/cryptoballot/SignatureRequest.go:62.16,64.3 1 0
github.com/wikiocracy/cryptoballot/cryptoballot/SignatureRequest.go:65.22,67.3 1 0
github.com/wikiocracy/cryptoballot/cryptoballot/SignatureRequest.go:69.13,71.17 2 1
github.com/wikiocracy/cryptoballot/cryptoballot/SignatureRequest.go:71.17,73.4 1 0
github.com/wikiocracy/cryptoballot/cryptoballot/SignatureRequest.go:74.4,76.3 1 0
github.com/wikiocracy/cryptoballot/cryptoballot/SignatureRequest.go:87.27,88.49 1 1
github.com/wikiocracy/cryptoballot/cryptoballot/SignatureRequest.go:88.49,90.4 1 0
github.com/wikiocracy/cryptoballot/cryptoballot/SignatureRequest.go:98.57,99.28 1 1
github.com/wikiocracy/cryptoballot/cryptoballot/SignatureRequest.go:102.2,104.70 2 1
github.com/wikiocracy/cryptoballot/cryptoballot/SignatureRequest.go:99.28,101.3 1 0
github.com/wikiocracy/cryptoballot/cryptoballot/SignatureRequest.go:109.49,111.27 2 1
github.com/wikiocracy/cryptoballot/cryptoballot/SignatureRequest.go:114.2,114.10 1 1
github.com/wikiocracy/cryptoballot/cryptoballot/SignatureRequest.go:111.27,113.3 1 1
github.com/wikiocracy/cryptoballot/cryptoballot/SignatureRequest.go:118.84,121.16 3 1
github.com/wikiocracy/cryptoballot/cryptoballot/SignatureRequest.go:125.2,126.16 2 1
github.com/wikiocracy/cryptoballot/cryptoballot/SignatureRequest.go:130.2,131.23 2 1
github.com/wikiocracy/cryptoballot/cryptoballot/SignatureRequest.go:121.16,123.3 1 0
github.com/wikiocracy/cryptoballot/cryptoballot/SignatureRequest.go:126.16,128.3 1 0
github.com/wikiocracy/cryptoballot/cryptoballot/SignatureRequest.go:136.53,138.2 1 1
github.com/wikiocracy/cryptoballot/cryptoballot/Vote.go:9.44,11.2 1 1
github.com/wikiocracy/cryptoballot/cryptoballot/Vote.go:13.35,15.33 2 1
github.com/wikiocracy/cryptoballot/cryptoballot/Vote.go:21.2,21.15 1 1
github.com/wikiocracy/cryptoballot/cryptoballot/Vote.go:15.33,17.24 2 1
github.com/wikiocracy/cryptoballot/cryptoballot/Vote.go:17.24,19.4 1 1
